0 info it worked if it ends with ok
1 verbose cli [ '/usr/local/bin/node',
1 verbose cli   '/usr/local/bin/npm',
1 verbose cli   'install',
1 verbose cli   'defineplugin',
1 verbose cli   '--save-dev' ]
2 info using npm@2.15.5
3 info using node@v4.4.5
4 verbose install initial load of /Users/ankeshmistry/Training/rss-reader-v2/package.json
5 warn package.json rss-reader@1.0.0 No repository field.
6 verbose installManyTop reading scoped package data from /Users/ankeshmistry/Training/rss-reader-v2/node_modules/babel-core/package.json
7 verbose installManyTop reading scoped package data from /Users/ankeshmistry/Training/rss-reader-v2/node_modules/babel-loader/package.json
8 verbose installManyTop reading scoped package data from /Users/ankeshmistry/Training/rss-reader-v2/node_modules/babel-preset-react/package.json
9 verbose installManyTop reading scoped package data from /Users/ankeshmistry/Training/rss-reader-v2/node_modules/express/package.json
10 verbose installManyTop reading scoped package data from /Users/ankeshmistry/Training/rss-reader-v2/node_modules/flux/package.json
11 verbose installManyTop reading scoped package data from /Users/ankeshmistry/Training/rss-reader-v2/node_modules/html-webpack-plugin/package.json
12 verbose installManyTop reading scoped package data from /Users/ankeshmistry/Training/rss-reader-v2/node_modules/keymirror/package.json
13 verbose installManyTop reading scoped package data from /Users/ankeshmistry/Training/rss-reader-v2/node_modules/object-assign/package.json
14 verbose installManyTop reading scoped package data from /Users/ankeshmistry/Training/rss-reader-v2/node_modules/react/package.json
15 verbose installManyTop reading scoped package data from /Users/ankeshmistry/Training/rss-reader-v2/node_modules/react-dom/package.json
16 verbose installManyTop reading scoped package data from /Users/ankeshmistry/Training/rss-reader-v2/node_modules/react-router/package.json
17 verbose installManyTop reading scoped package data from /Users/ankeshmistry/Training/rss-reader-v2/node_modules/request/package.json
18 verbose installManyTop reading scoped package data from /Users/ankeshmistry/Training/rss-reader-v2/node_modules/uglify-js/package.json
19 verbose installManyTop reading scoped package data from /Users/ankeshmistry/Training/rss-reader-v2/node_modules/underscore.string/package.json
20 verbose installManyTop reading scoped package data from /Users/ankeshmistry/Training/rss-reader-v2/node_modules/webpack/package.json
21 verbose installManyTop reading scoped package data from /Users/ankeshmistry/Training/rss-reader-v2/node_modules/webpack-dev-middleware/package.json
22 verbose installManyTop reading scoped package data from /Users/ankeshmistry/Training/rss-reader-v2/node_modules/webpack-dev-server/package.json
23 verbose installManyTop reading scoped package data from /Users/ankeshmistry/Training/rss-reader-v2/node_modules/webpack-hot-middleware/package.json
24 info package.json webpack-dev-middleware@1.6.1 No license field.
25 info package.json keymirror@0.1.1 No license field.
26 verbose readDependencies loading dependencies from /Users/ankeshmistry/Training/rss-reader-v2/package.json
27 silly cache add args [ 'defineplugin', null ]
28 verbose cache add spec defineplugin
29 silly cache add parsed spec Result {
29 silly cache add   raw: 'defineplugin',
29 silly cache add   scope: null,
29 silly cache add   name: 'defineplugin',
29 silly cache add   rawSpec: '',
29 silly cache add   spec: 'latest',
29 silly cache add   type: 'tag' }
30 silly addNamed defineplugin@latest
31 verbose addNamed "latest" is being treated as a dist-tag for defineplugin
32 info addNameTag [ 'defineplugin', 'latest' ]
33 silly mapToRegistry name defineplugin
34 silly mapToRegistry using default registry
35 silly mapToRegistry registry https://registry.npmjs.org/
36 silly mapToRegistry data Result {
36 silly mapToRegistry   raw: 'defineplugin',
36 silly mapToRegistry   scope: null,
36 silly mapToRegistry   name: 'defineplugin',
36 silly mapToRegistry   rawSpec: '',
36 silly mapToRegistry   spec: 'latest',
36 silly mapToRegistry   type: 'tag' }
37 silly mapToRegistry uri https://registry.npmjs.org/defineplugin
38 verbose addNameTag registry:https://registry.npmjs.org/defineplugin not in flight; fetching
39 verbose request uri https://registry.npmjs.org/defineplugin
40 verbose request no auth needed
41 info attempt registry request try #1 at 11:16:26 AM
42 verbose request id d085c572b1198a15
43 http request GET https://registry.npmjs.org/defineplugin
44 http 404 https://registry.npmjs.org/defineplugin
45 verbose headers { 'content-type': 'application/json',
45 verbose headers   'cache-control': 'max-age=0',
45 verbose headers   'content-length': '2',
45 verbose headers   'accept-ranges': 'bytes',
45 verbose headers   date: 'Thu, 30 Jun 2016 15:16:27 GMT',
45 verbose headers   via: '1.1 varnish',
45 verbose headers   age: '0',
45 verbose headers   connection: 'keep-alive',
45 verbose headers   'x-served-by': 'cache-iad2139-IAD',
45 verbose headers   'x-cache': 'MISS',
45 verbose headers   'x-cache-hits': '0',
45 verbose headers   'x-timer': 'S1467299787.151184,VS0,VE104',
45 verbose headers   vary: 'Accept-Encoding' }
46 silly get cb [ 404,
46 silly get   { 'content-type': 'application/json',
46 silly get     'cache-control': 'max-age=0',
46 silly get     'content-length': '2',
46 silly get     'accept-ranges': 'bytes',
46 silly get     date: 'Thu, 30 Jun 2016 15:16:27 GMT',
46 silly get     via: '1.1 varnish',
46 silly get     age: '0',
46 silly get     connection: 'keep-alive',
46 silly get     'x-served-by': 'cache-iad2139-IAD',
46 silly get     'x-cache': 'MISS',
46 silly get     'x-cache-hits': '0',
46 silly get     'x-timer': 'S1467299787.151184,VS0,VE104',
46 silly get     vary: 'Accept-Encoding' } ]
47 verbose stack Error: Registry returned 404 for GET on https://registry.npmjs.org/defineplugin
47 verbose stack     at makeError (/usr/local/lib/node_modules/npm/node_modules/npm-registry-client/lib/request.js:264:12)
47 verbose stack     at CachingRegistryClient.<anonymous> (/usr/local/lib/node_modules/npm/node_modules/npm-registry-client/lib/request.js:242:14)
47 verbose stack     at Request._callback (/usr/local/lib/node_modules/npm/node_modules/npm-registry-client/lib/request.js:172:14)
47 verbose stack     at Request.self.callback (/usr/local/lib/node_modules/npm/node_modules/request/request.js:200:22)
47 verbose stack     at emitTwo (events.js:87:13)
47 verbose stack     at Request.emit (events.js:172:7)
47 verbose stack     at Request.<anonymous> (/usr/local/lib/node_modules/npm/node_modules/request/request.js:1067:10)
47 verbose stack     at emitOne (events.js:82:20)
47 verbose stack     at Request.emit (events.js:169:7)
47 verbose stack     at IncomingMessage.<anonymous> (/usr/local/lib/node_modules/npm/node_modules/request/request.js:988:12)
48 verbose statusCode 404
49 verbose pkgid defineplugin
50 verbose cwd /Users/ankeshmistry/Training/rss-reader-v2
51 error Darwin 15.5.0
52 error argv "/usr/local/bin/node" "/usr/local/bin/npm" "install" "defineplugin" "--save-dev"
53 error node v4.4.5
54 error npm  v2.15.5
55 error code E404
56 error 404 Registry returned 404 for GET on https://registry.npmjs.org/defineplugin
56 error 404
56 error 404 'defineplugin' is not in the npm registry.
56 error 404 You should bug the author to publish it (or use the name yourself!)
56 error 404 It was specified as a dependency of 'rss-reader'
56 error 404
56 error 404 Note that you can also install from a
56 error 404 tarball, folder, http url, or git url.
57 verbose exit [ 1, true ]
